c:\users\starg\onedrive - hogeschool west-vlaanderen\school\p2\final\1dae11-finalgamep2\debug\vc142.pdb
c:\users\starg\onedrive - hogeschool west-vlaanderen\school\p2\final\1dae11-finalgamep2\debug\vc142.idb
c:\users\starg\onedrive - hogeschool west-vlaanderen\school\p2\final\1dae11-finalgamep2\debug\gun.obj
c:\users\starg\onedrive - hogeschool west-vlaanderen\school\p2\final\1dae11-finalgamep2\debug\e_tato.obj
c:\users\starg\onedrive - hogeschool west-vlaanderen\school\p2\final\1dae11-finalgamep2\debug\e_richard.obj
c:\users\starg\onedrive - hogeschool west-vlaanderen\school\p2\final\1dae11-finalgamep2\debug\e_pum.obj
c:\users\starg\onedrive - hogeschool west-vlaanderen\school\p2\final\1dae11-finalgamep2\debug\e_mini.obj
c:\users\starg\onedrive - hogeschool west-vlaanderen\school\p2\final\1dae11-finalgamep2\debug\e_grum.obj
c:\users\starg\onedrive - hogeschool west-vlaanderen\school\p2\final\1dae11-finalgamep2\debug\e_fiery.obj
c:\users\starg\onedrive - hogeschool west-vlaanderen\school\p2\final\1dae11-finalgamep2\debug\enemy.obj
c:\users\starg\onedrive - hogeschool west-vlaanderen\school\p2\final\1dae11-finalgamep2\debug\dungeondoorverti.obj
c:\users\starg\onedrive - hogeschool west-vlaanderen\school\p2\final\1dae11-finalgamep2\debug\dungeondoor.obj
c:\users\starg\onedrive - hogeschool west-vlaanderen\school\p2\final\1dae11-finalgamep2\debug\bullet.obj
c:\users\starg\onedrive - hogeschool west-vlaanderen\school\p2\final\1dae11-finalgamep2\debug\basicbehaviour.obj
c:\users\starg\onedrive - hogeschool west-vlaanderen\school\p2\final\1dae11-finalgamep2\debug\matrix2x3.obj
c:\users\starg\onedrive - hogeschool west-vlaanderen\school\p2\final\1dae11-finalgamep2\debug\mainscene.obj
c:\users\starg\onedrive - hogeschool west-vlaanderen\school\p2\final\1dae11-finalgamep2\debug\main.obj
c:\users\starg\onedrive - hogeschool west-vlaanderen\school\p2\final\1dae11-finalgamep2\debug\image.obj
c:\users\starg\onedrive - hogeschool west-vlaanderen\school\p2\final\1dae11-finalgamep2\debug\game.obj
c:\users\starg\onedrive - hogeschool west-vlaanderen\school\p2\final\1dae11-finalgamep2\debug\core.obj
c:\users\starg\onedrive - hogeschool west-vlaanderen\school\p2\final\1dae11-finalgamep2\debug\camera.obj
c:\users\starg\onedrive - hogeschool west-vlaanderen\school\p2\final\1dae11-finalgamep2\debug\bulletmanager.obj
c:\users\starg\onedrive - hogeschool west-vlaanderen\school\p2\final\1dae11-finalgamep2\debug\vector2f.obj
c:\users\starg\onedrive - hogeschool west-vlaanderen\school\p2\final\1dae11-finalgamep2\debug\utils.obj
c:\users\starg\onedrive - hogeschool west-vlaanderen\school\p2\final\1dae11-finalgamep2\debug\uitextwriter.obj
c:\users\starg\onedrive - hogeschool west-vlaanderen\school\p2\final\1dae11-finalgamep2\debug\tile.obj
c:\users\starg\onedrive - hogeschool west-vlaanderen\school\p2\final\1dae11-finalgamep2\debug\texture.obj
c:\users\starg\onedrive - hogeschool west-vlaanderen\school\p2\final\1dae11-finalgamep2\debug\svgparser.obj
c:\users\starg\onedrive - hogeschool west-vlaanderen\school\p2\final\1dae11-finalgamep2\debug\structs.obj
c:\users\starg\onedrive - hogeschool west-vlaanderen\school\p2\final\1dae11-finalgamep2\debug\soundstream.obj
c:\users\starg\onedrive - hogeschool west-vlaanderen\school\p2\final\1dae11-finalgamep2\debug\soundeffect.obj
c:\users\starg\onedrive - hogeschool west-vlaanderen\school\p2\final\1dae11-finalgamep2\debug\roomhandler.obj
c:\users\starg\onedrive - hogeschool west-vlaanderen\school\p2\final\1dae11-finalgamep2\debug\player.obj
c:\users\starg\onedrive - hogeschool west-vlaanderen\school\p2\final\1dae11-finalgamep2\debug\table.obj
c:\users\starg\onedrive - hogeschool west-vlaanderen\school\p2\final\1dae11-finalgamep2\debug\object.obj
c:\users\starg\onedrive - hogeschool west-vlaanderen\school\p2\final\1dae11-finalgamep2\debug\chest.obj
c:\users\starg\onedrive - hogeschool west-vlaanderen\school\p2\final\1dae11-finalgamep2\debug\soundmanager.obj
c:\users\starg\onedrive - hogeschool west-vlaanderen\school\p2\final\1dae11-finalgamep2\debug\scene.obj
c:\users\starg\onedrive - hogeschool west-vlaanderen\school\p2\final\1dae11-finalgamep2\debug\menuscene.obj
c:\users\starg\onedrive - hogeschool west-vlaanderen\school\p2\final\1dae11-finalgamep2\debug\button.obj
c:\users\starg\onedrive - hogeschool west-vlaanderen\school\p2\final\1dae11-finalgamep2\debug\1dae11-finalgamep2.pch
c:\users\starg\onedrive - hogeschool west-vlaanderen\school\p2\final\1dae11-finalgamep2\debug\pch.obj
c:\users\starg\onedrive - hogeschool west-vlaanderen\school\p2\final\1dae11-finalgamep2\debug\1dae11-finalgamep2.exe
c:\users\starg\onedrive - hogeschool west-vlaanderen\school\p2\final\1dae11-finalgamep2\debug\1dae11-finalgamep2.ilk
c:\users\starg\onedrive - hogeschool west-vlaanderen\school\p2\final\1dae11-finalgamep2\debug\1dae11-finalgamep2.pdb
c:\users\starg\onedrive - hogeschool west-vlaanderen\school\p2\final\1dae11-finalgamep2\debug\libflac-8.dll
c:\users\starg\onedrive - hogeschool west-vlaanderen\school\p2\final\1dae11-finalgamep2\debug\libfreetype-6.dll
c:\users\starg\onedrive - hogeschool west-vlaanderen\school\p2\final\1dae11-finalgamep2\debug\libjpeg-9.dll
c:\users\starg\onedrive - hogeschool west-vlaanderen\school\p2\final\1dae11-finalgamep2\debug\libmodplug-1.dll
c:\users\starg\onedrive - hogeschool west-vlaanderen\school\p2\final\1dae11-finalgamep2\debug\libmpg123-0.dll
c:\users\starg\onedrive - hogeschool west-vlaanderen\school\p2\final\1dae11-finalgamep2\debug\libogg-0.dll
c:\users\starg\onedrive - hogeschool west-vlaanderen\school\p2\final\1dae11-finalgamep2\debug\libopus-0.dll
c:\users\starg\onedrive - hogeschool west-vlaanderen\school\p2\final\1dae11-finalgamep2\debug\libopusfile-0.dll
c:\users\starg\onedrive - hogeschool west-vlaanderen\school\p2\final\1dae11-finalgamep2\debug\libpng16-16.dll
c:\users\starg\onedrive - hogeschool west-vlaanderen\school\p2\final\1dae11-finalgamep2\debug\libtiff-5.dll
c:\users\starg\onedrive - hogeschool west-vlaanderen\school\p2\final\1dae11-finalgamep2\debug\libvorbis-0.dll
c:\users\starg\onedrive - hogeschool west-vlaanderen\school\p2\final\1dae11-finalgamep2\debug\libvorbisfile-3.dll
c:\users\starg\onedrive - hogeschool west-vlaanderen\school\p2\final\1dae11-finalgamep2\debug\libwebp-7.dll
c:\users\starg\onedrive - hogeschool west-vlaanderen\school\p2\final\1dae11-finalgamep2\debug\sdl2.dll
c:\users\starg\onedrive - hogeschool west-vlaanderen\school\p2\final\1dae11-finalgamep2\debug\sdl2_image.dll
c:\users\starg\onedrive - hogeschool west-vlaanderen\school\p2\final\1dae11-finalgamep2\debug\sdl2_mixer.dll
c:\users\starg\onedrive - hogeschool west-vlaanderen\school\p2\final\1dae11-finalgamep2\debug\sdl2_ttf.dll
c:\users\starg\onedrive - hogeschool west-vlaanderen\school\p2\final\1dae11-finalgamep2\debug\zlib1.dll
c:\users\starg\onedrive - hogeschool west-vlaanderen\school\p2\final\1dae11-finalgamep2\debug\1dae11-f.ada46856.tlog\cl.command.1.tlog
c:\users\starg\onedrive - hogeschool west-vlaanderen\school\p2\final\1dae11-finalgamep2\debug\1dae11-f.ada46856.tlog\cl.read.1.tlog
c:\users\starg\onedrive - hogeschool west-vlaanderen\school\p2\final\1dae11-finalgamep2\debug\1dae11-f.ada46856.tlog\cl.write.1.tlog
c:\users\starg\onedrive - hogeschool west-vlaanderen\school\p2\final\1dae11-finalgamep2\debug\1dae11-f.ada46856.tlog\link.command.1.tlog
c:\users\starg\onedrive - hogeschool west-vlaanderen\school\p2\final\1dae11-finalgamep2\debug\1dae11-f.ada46856.tlog\link.read.1.tlog
c:\users\starg\onedrive - hogeschool west-vlaanderen\school\p2\final\1dae11-finalgamep2\debug\1dae11-f.ada46856.tlog\link.write.1.tlog
